<?xml version="1.0" encoding="UTF-8"?>
<!-- Generated by org.testng.reporters.JUnitReportReporter -->
<testsuite hostname="soumitrip-2013" name="icix.Tests.TC10461_Test" tests="1" failures="0" timestamp="6 Mar 2017 12:07:27 GMT" time="252.971" errors="0">
  <testcase name="VerifySendReqAtRespSide" time="252.971" classname="icix.Tests.TC10461_Test"/>
</testsuite> <!-- icix.Tests.TC10461_Test -->
