<?xml version="1.0" encoding="UTF-8"?>
<!-- Generated by org.testng.reporters.JUnitReportReporter -->
<testsuite hostname="soumitrip-2013" name="icix.Tests.TC10462_Test" tests="1" failures="0" timestamp="6 Mar 2017 12:09:57 GMT" time="77.427" errors="0">
  <testcase name="TPG_RelationshipType" time="77.427" classname="icix.Tests.TC10462_Test"/>
</testsuite> <!-- icix.Tests.TC10462_Test -->
