<?xml version="1.0" encoding="UTF-8"?>
<!-- Generated by org.testng.reporters.JUnitReportReporter -->
<testsuite hostname="sDirect-20" name="icix.Tests.TC10752_Test" tests="1" failures="0" timestamp="8 Mar 2017 06:50:48 GMT" time="481.425" errors="0">
  <testcase name="VerifySendReqAtRespSide" time="481.425" classname="icix.Tests.TC10752_Test"/>
</testsuite> <!-- icix.Tests.TC10752_Test -->
