<?xml version="1.0" encoding="UTF-8"?>
<!-- Generated by org.testng.reporters.JUnitReportReporter -->
<testsuite hostname="soumitrip-2013" name="icix.Tests.TC10460_Test" tests="1" failures="0" timestamp="6 Mar 2017 11:39:49 GMT" time="68.829" errors="0">
  <testcase name="TPG_Tags" time="68.829" classname="icix.Tests.TC10460_Test"/>
</testsuite> <!-- icix.Tests.TC10460_Test -->
