<?xml version="1.0" encoding="UTF-8"?>
<!-- Generated by org.testng.reporters.JUnitReportReporter -->
<testsuite hostname="sDirect-20" name="icix.Tests.TC10469_Test" tests="1" failures="0" timestamp="8 Mar 2017 06:39:43 GMT" time="299.335" errors="0">
  <testcase name="Save_reqs" time="299.335" classname="icix.Tests.TC10469_Test"/>
</testsuite> <!-- icix.Tests.TC10469_Test -->
