<?xml version="1.0" encoding="UTF-8"?>
<!-- Generated by org.testng.reporters.JUnitReportReporter -->
<testsuite hostname="soumitrip-2013" name="icix.Tests.TC10467_Test" tests="1" failures="0" timestamp="6 Mar 2017 12:16:41 GMT" time="80.615" errors="0">
  <testcase name="TPG_RelationshipType" time="80.615" classname="icix.Tests.TC10467_Test"/>
</testsuite> <!-- icix.Tests.TC10467_Test -->
